<?xml version="1.0" encoding="UTF-8"?>
<!-- Generated by org.testng.reporters.JUnitXMLReporter -->
<testsuite ignored="2" hostname="Mohsins-MacBook-Air.local" failures="0" tests="3" name="Test" time="26.738" errors="0" timestamp="16 Oct 2020 19:53:09 GMT">
  <testcase classname="Academy.HomePage" name="basePage" time="7.411"/>
  <testcase classname="Academy.HomePage" name="basePage" time="7.13"/>
  <testcase classname="Academy.validateTitle" name="basePage" time="4.844"/>
  <testcase classname="Academy.validateTitle" name="@BeforeTest init" time="0.0">
    <ignored/>
  </testcase> <!-- @BeforeTest init -->
  <testcase classname="Academy.validateTitle" name="@AfterTest teardown" time="0.0">
    <ignored/>
  </testcase> <!-- @AfterTest teardown -->
</testsuite> <!-- Test -->
