<?xml version="1.0" encoding="UTF-8"?>
<!-- Generated by org.testng.reporters.JUnitXMLReporter -->
<testsuite hostname="Mohsins-MacBook-Air.local" ignored="2" name="Test" tests="3" failures="0" timestamp="16 Oct 2020 19:30:07 GMT" time="22.592" errors="0">
  <testcase name="basePage" time="6.456" classname="Academy.HomePage"/>
  <testcase name="basePage" time="7.386" classname="Academy.HomePage"/>
  <testcase name="basePage" time="4.341" classname="Academy.validateTitle"/>
  <testcase name="@BeforeTest init" time="0.0" classname="Academy.validateTitle">
    <ignored/>
  </testcase> <!-- @BeforeTest init -->
  <testcase name="@AfterTest teardown" time="0.0" classname="Academy.validateTitle">
    <ignored/>
  </testcase> <!-- @AfterTest teardown -->
</testsuite> <!-- Test -->
