<?xml version="1.0" encoding="UTF-8"?>
<testng-results ignored="0" total="2" passed="2" failed="0" skipped="0">
  <reporter-output>
  </reporter-output>
  <suite started-at="2020-10-16T20:54:08Z" name="Suite" finished-at="2020-10-16T20:54:30Z" duration-ms="21992">
    <groups>
    </groups>
    <test started-at="2020-10-16T20:54:08Z" name="validating navigation Bar" finished-at="2020-10-16T20:54:14Z" duration-ms="6617">
      <class name="Academy.validateTitle">
        <test-method is-config="true" signature="init()[pri:0, instance:Academy.validateTitle@ec2cc4]" started-at="2020-10-16T20:54:08Z" name="init" finished-at="2020-10-16T20:54:14Z" duration-ms="6382" status="PASS">
          <reporter-output>
          </reporter-output>
        </test-method> <!-- init -->
        <test-method is-config="true" signature="teardown()[pri:0, instance:Academy.validateTitle@ec2cc4]" started-at="2020-10-16T20:54:14Z" name="teardown" finished-at="2020-10-16T20:54:14Z" duration-ms="223" status="PASS">
          <reporter-output>
          </reporter-output>
        </test-method> <!-- teardown -->
      </class> <!-- Academy.validateTitle -->
    </test> <!-- validating navigation Bar -->
    <test started-at="2020-10-16T20:54:08Z" name="validating title in the page" finished-at="2020-10-16T20:54:30Z" duration-ms="21992">
      <class name="Academy.HomePage">
        <test-method is-config="true" signature="init()[pri:0, instance:Academy.HomePage@4d722ac9]" started-at="2020-10-16T20:54:08Z" name="init" finished-at="2020-10-16T20:54:14Z" duration-ms="6531" status="PASS">
          <reporter-output>
          </reporter-output>
        </test-method> <!-- init -->
        <test-method signature="basePage(java.lang.String, java.lang.String, java.lang.String)[pri:0, instance:Academy.HomePage@4d722ac9]" started-at="2020-10-16T20:54:14Z" name="basePage" data-provider="getData" finished-at="2020-10-16T20:54:22Z" duration-ms="7317" status="PASS">
          <params>
            <param index="0">
              <value>
                <![CDATA[nonrestricteduser@qw.com]]>
              </value>
            </param>
            <param index="1">
              <value>
                <![CDATA[12345]]>
              </value>
            </param>
            <param index="2">
              <value>
                <![CDATA[RestrictedUser]]>
              </value>
            </param>
          </params>
          <reporter-output>
          </reporter-output>
        </test-method> <!-- basePage -->
        <test-method signature="basePage(java.lang.String, java.lang.String, java.lang.String)[pri:0, instance:Academy.HomePage@4d722ac9]" started-at="2020-10-16T20:54:22Z" name="basePage" data-provider="getData" finished-at="2020-10-16T20:54:30Z" duration-ms="8012" status="PASS">
          <params>
            <param index="0">
              <value>
                <![CDATA[restricteduser@qa.com]]>
              </value>
            </param>
            <param index="1">
              <value>
                <![CDATA[6789]]>
              </value>
            </param>
            <param index="2">
              <value>
                <![CDATA[Non retricted user]]>
              </value>
            </param>
          </params>
          <reporter-output>
          </reporter-output>
        </test-method> <!-- basePage -->
        <test-method is-config="true" signature="teardown()[pri:0, instance:Academy.HomePage@4d722ac9]" started-at="2020-10-16T20:54:30Z" name="teardown" finished-at="2020-10-16T20:54:30Z" duration-ms="98" status="PASS">
          <reporter-output>
          </reporter-output>
        </test-method> <!-- teardown -->
      </class> <!-- Academy.HomePage -->
    </test> <!-- validating title in the page -->
  </suite> <!-- Suite -->
</testng-results>
